<?xml version="1.0" encoding="UTF-8"?>
<!-- Generated by org.testng.reporters.JUnitReportReporter -->
<testsuite hostname="HP" failures="0" tests="1" name="mavenforjenkins.UITest" time="13.000" errors="0" timestamp="2023-08-23T16:54:17 IST" skipped="0">
  <testcase classname="mavenforjenkins.UITest" name="startBrowser" time="13.000"/>
  <system-out/>
</testsuite> <!-- mavenforjenkins.UITest -->
