<?xml version="1.0" encoding="UTF-8"?>
<!-- Generated by org.testng.reporters.JUnitReportReporter -->
<testsuite hostname="HP" failures="0" tests="1" name="mavenforjenkins.UITest" time="14.606" errors="0" timestamp="2023-08-23T16:39:29 IST" skipped="0">
  <testcase classname="mavenforjenkins.UITest" name="startBrowser" time="14.606"/>
  <system-out/>
</testsuite> <!-- mavenforjenkins.UITest -->
