<?xml version="1.0" encoding="UTF-8"?>
<!-- Generated by org.testng.reporters.JUnitReportReporter -->
<testsuite hostname="HP" failures="0" tests="1" name="mavenforjenkins.UITest" time="7.238" errors="0" timestamp="2023-08-23T12:35:25 IST" skipped="0">
  <testcase classname="mavenforjenkins.UITest" name="startBrowser" time="7.238"/>
  <system-out/>
</testsuite> <!-- mavenforjenkins.UITest -->
